app/build/outputs/logs/manifest-merger-debug-report.txt
-- Merging decision tree log ---
manifest
ADDED from src/main/AndroidManifest.xml:2:1-109:12
	package
		ADDED from src/main/AndroidManifest.xml:3:5-29
		INJECTED from src/main/AndroidManifest.xml
		INJECTED from src/main/AndroidManifest.xml
	android:versionName
		ADDED from src/main/AndroidManifest.xml:5:5-32
	android:versionCode
		ADDED from src/main/AndroidManifest.xml:4:5-28
		INJECTED from src/main/AndroidManifest.xml
		INJECTED from src/main/AndroidManifest.xml
	xmlns:android
		ADDED from src/main/AndroidManifest.xml:2:11-69
uses-sdk
ADDED from src/main/AndroidManifest.xml:7:5-43
MERGED from [com.android.support:appcompat-v7:19.1.0] AndroidManifest.xml:18:5-42
	android:targetSdkVersion
		INJECTED from src/main/AndroidManifest.xml
		INJECTED from src/main/AndroidManifest.xml
	android:minSdkVersion
		ADDED from src/main/AndroidManifest.xml:7:15-40
		INJECTED from src/main/AndroidManifest.xml
		INJECTED from src/main/AndroidManifest.xml
uses-permission#android.permission.INTERNET
ADDED from src/main/AndroidManifest.xml:9:5-67
	android:name
		ADDED from src/main/AndroidManifest.xml:9:22-64
uses-permission#android.permission.ACCESS_WIFI_STATE
ADDED from src/main/AndroidManifest.xml:10:5-76
	android:name
		ADDED from src/main/AndroidManifest.xml:10:22-73
application
ADDED from src/main/AndroidManifest.xml:12:5-107:19
MERGED from [com.android.support:appcompat-v7:19.1.0] AndroidManifest.xml:19:5-20
	android:label
		ADDED from src/main/AndroidManifest.xml:15:9-41
	android:allowBackup
		ADDED from src/main/AndroidManifest.xml:13:9-35
	android:icon
		ADDED from src/main/AndroidManifest.xml:14:9-37
	android:theme
		ADDED from src/main/AndroidManifest.xml:16:9-39
activity#br.com.housepi.activity.Login
ADDED from src/main/AndroidManifest.xml:17:9-27:20
	android:label
		ADDED from src/main/AndroidManifest.xml:19:13-45
	android:launchMode
		ADDED from src/main/AndroidManifest.xml:20:13-43
	android:windowSoftInputMode
		ADDED from src/main/AndroidManifest.xml:21:13-54
	android:name
		ADDED from src/main/AndroidManifest.xml:18:13-43
intent-filter#android.intent.action.MAIN+android.intent.category.LAUNCHER
ADDED from src/main/AndroidManifest.xml:22:13-26:29
action#android.intent.action.MAIN
ADDED from src/main/AndroidManifest.xml:23:17-69
	android:name
		ADDED from src/main/AndroidManifest.xml:23:25-66
category#android.intent.category.LAUNCHER
ADDED from src/main/AndroidManifest.xml:25:17-77
	android:name
		ADDED from src/main/AndroidManifest.xml:25:27-74
activity#br.com.housepi.activity.ConfiguracaoConexao
ADDED from src/main/AndroidManifest.xml:28:9-32:20
	android:label
		ADDED from src/main/AndroidManifest.xml:30:13-72
	android:windowSoftInputMode
		ADDED from src/main/AndroidManifest.xml:31:13-54
	android:name
		ADDED from src/main/AndroidManifest.xml:29:13-57
activity#br.com.housepi.activity.MenuPrincipal
ADDED from src/main/AndroidManifest.xml:33:9-36:20
	android:label
		ADDED from src/main/AndroidManifest.xml:35:13-66
	android:name
		ADDED from src/main/AndroidManifest.xml:34:13-51
activity#br.com.housepi.activity.ControleRele
ADDED from src/main/AndroidManifest.xml:37:9-40:20
	android:label
		ADDED from src/main/AndroidManifest.xml:39:13-66
	android:name
		ADDED from src/main/AndroidManifest.xml:38:13-50
activity#br.com.housepi.activity.ControleAlarme
ADDED from src/main/AndroidManifest.xml:41:9-44:20
	android:label
		ADDED from src/main/AndroidManifest.xml:43:13-67
	android:name
		ADDED from src/main/AndroidManifest.xml:42:13-52
activity#br.com.housepi.activity.ControleAgendamento
ADDED from src/main/AndroidManifest.xml:45:9-48:20
	android:label
		ADDED from src/main/AndroidManifest.xml:47:13-72
	android:name
		ADDED from src/main/AndroidManifest.xml:46:13-57
activity#br.com.housepi.activity.VisualizacaoCamera
ADDED from src/main/AndroidManifest.xml:49:9-52:20
	android:label
		ADDED from src/main/AndroidManifest.xml:51:13-71
	android:name
		ADDED from src/main/AndroidManifest.xml:50:13-56
activity#br.com.housepi.activity.ControleSomAmbiente
ADDED from src/main/AndroidManifest.xml:53:9-56:20
	android:label
		ADDED from src/main/AndroidManifest.xml:55:13-73
	android:name
		ADDED from src/main/AndroidManifest.xml:54:13-57
activity#br.com.housepi.activity.TemperaturaHumidade
ADDED from src/main/AndroidManifest.xml:57:9-60:20
	android:label
		ADDED from src/main/AndroidManifest.xml:59:13-72
	android:name
		ADDED from src/main/AndroidManifest.xml:58:13-57
activity#br.com.housepi.activity.ConfiguracaoAlarme
ADDED from src/main/AndroidManifest.xml:61:9-64:20
	android:label
		ADDED from src/main/AndroidManifest.xml:63:13-71
	android:name
		ADDED from src/main/AndroidManifest.xml:62:13-56
activity#br.com.housepi.activity.ConfiguracaoGeral
ADDED from src/main/AndroidManifest.xml:65:9-69:20
	android:label
		ADDED from src/main/AndroidManifest.xml:67:13-70
	android:windowSoftInputMode
		ADDED from src/main/AndroidManifest.xml:68:13-54
	android:name
		ADDED from src/main/AndroidManifest.xml:66:13-55
activity#br.com.housepi.activity.ConfiguracaoEmail
ADDED from src/main/AndroidManifest.xml:70:9-73:20
	android:label
		ADDED from src/main/AndroidManifest.xml:72:13-70
	android:name
		ADDED from src/main/AndroidManifest.xml:71:13-55
activity#br.com.housepi.activity.ConfiguracaoRele
ADDED from src/main/AndroidManifest.xml:74:9-77:20
	android:label
		ADDED from src/main/AndroidManifest.xml:76:13-69
	android:name
		ADDED from src/main/AndroidManifest.xml:75:13-54
activity#br.com.housepi.activity.Configuracao
ADDED from src/main/AndroidManifest.xml:78:9-82:20
	android:label
		ADDED from src/main/AndroidManifest.xml:80:13-64
	android:windowSoftInputMode
		ADDED from src/main/AndroidManifest.xml:81:13-54
	android:name
		ADDED from src/main/AndroidManifest.xml:79:13-50
activity#br.com.housepi.activity.Sobre
ADDED from src/main/AndroidManifest.xml:83:9-86:20
	android:label
		ADDED from src/main/AndroidManifest.xml:85:13-57
	android:name
		ADDED from src/main/AndroidManifest.xml:84:13-43
activity#br.com.housepi.activity.CadastroAgendamento
ADDED from src/main/AndroidManifest.xml:87:9-90:20
	android:label
		ADDED from src/main/AndroidManifest.xml:89:13-72
	android:name
		ADDED from src/main/AndroidManifest.xml:88:13-57
activity#br.com.housepi.activity.VisualizacaoDisparos
ADDED from src/main/AndroidManifest.xml:91:9-94:20
	android:label
		ADDED from src/main/AndroidManifest.xml:93:13-73
	android:name
		ADDED from src/main/AndroidManifest.xml:92:13-58
activity#br.com.housepi.activity.ConfiguracaoCamera
ADDED from src/main/AndroidManifest.xml:95:9-98:20
	android:label
		ADDED from src/main/AndroidManifest.xml:97:13-71
	android:name
		ADDED from src/main/AndroidManifest.xml:96:13-56
activity#br.com.housepi.activity.ConfiguracaoRFID
ADDED from src/main/AndroidManifest.xml:99:9-102:20
	android:label
		ADDED from src/main/AndroidManifest.xml:101:13-69
	android:name
		ADDED from src/main/AndroidManifest.xml:100:13-54
activity#br.com.housepi.activity.ControleVideo
ADDED from src/main/AndroidManifest.xml:103:9-106:20
	android:label
		ADDED from src/main/AndroidManifest.xml:105:13-66
	android:name
		ADDED from src/main/AndroidManifest.xml:104:13-65